Notes/build/outputs/logs/manifest-merger-debug-report.txt
-- Merging decision tree log ---
manifest
ADDED from src/main/AndroidManifest.xml:2:1-36:12
	package
		ADDED from src/main/AndroidManifest.xml:3:5-32
		INJECTED from src/main/AndroidManifest.xml
		INJECTED from src/main/AndroidManifest.xml
	android:versionName
		INJECTED from src/main/AndroidManifest.xml
		INJECTED from src/main/AndroidManifest.xml
	xmlns:android
		ADDED from src/main/AndroidManifest.xml:2:11-69
	android:versionCode
		INJECTED from src/main/AndroidManifest.xml
		INJECTED from src/main/AndroidManifest.xml
application
ADDED from src/main/AndroidManifest.xml:5:5-34:19
MERGED from [com.android.support:appcompat-v7:22.0.0] AndroidManifest.xml:22:5-20
MERGED from [com.android.support:support-v4:22.0.0] AndroidManifest.xml:22:5-20
MERGED from [com.github.markushi:circlebutton:1.1] AndroidManifest.xml:9:5-20
	android:label
		ADDED from src/main/AndroidManifest.xml:8:9-30
	android:allowBackup
		ADDED from src/main/AndroidManifest.xml:6:9-35
	android:icon
		ADDED from src/main/AndroidManifest.xml:7:9-37
	android:theme
		ADDED from src/main/AndroidManifest.xml:9:9-40
activity#com.example.Notes.MainActivity
ADDED from src/main/AndroidManifest.xml:10:9-18:20
	android:label
		ADDED from src/main/AndroidManifest.xml:12:13-34
	android:name
		ADDED from src/main/AndroidManifest.xml:11:13-58
intent-filter#android.intent.action.MAIN+android.intent.category.LAUNCHER
ADDED from src/main/AndroidManifest.xml:13:13-17:29
action#android.intent.action.MAIN
ADDED from src/main/AndroidManifest.xml:14:17-69
	android:name
		ADDED from src/main/AndroidManifest.xml:14:25-66
category#android.intent.category.LAUNCHER
ADDED from src/main/AndroidManifest.xml:16:17-77
	android:name
		ADDED from src/main/AndroidManifest.xml:16:27-74
provider#com.example.Notes.NotesProvider
ADDED from src/main/AndroidManifest.xml:21:9-24:40
	android:authorities
		ADDED from src/main/AndroidManifest.xml:23:13-66
	android:exported
		ADDED from src/main/AndroidManifest.xml:24:13-37
	android:name
		ADDED from src/main/AndroidManifest.xml:22:13-59
activity#com.example.Notes.EditorActivity
ADDED from src/main/AndroidManifest.xml:26:9-33:20
	android:label
		ADDED from src/main/AndroidManifest.xml:28:13-58
	android:parentActivityName
		ADDED from src/main/AndroidManifest.xml:29:13-72
	android:name
		ADDED from src/main/AndroidManifest.xml:27:13-60
meta-data#android.support.PARENT_ACTIVITY
ADDED from src/main/AndroidManifest.xml:30:13-32:66
	android:value
		ADDED from src/main/AndroidManifest.xml:32:17-63
	android:name
		ADDED from src/main/AndroidManifest.xml:31:17-63
uses-sdk
INJECTED from src/main/AndroidManifest.xml reason: use-sdk injection requested
MERGED from [com.android.support:appcompat-v7:22.0.0] AndroidManifest.xml:20:5-43
MERGED from [com.android.support:support-v4:22.0.0] AndroidManifest.xml:20:5-43
MERGED from [com.github.markushi:circlebutton:1.1] AndroidManifest.xml:7:5-44
	android:targetSdkVersion
		INJECTED from src/main/AndroidManifest.xml
		INJECTED from src/main/AndroidManifest.xml
	android:minSdkVersion
		INJECTED from src/main/AndroidManifest.xml
		INJECTED from src/main/AndroidManifest.xml